2017-09-30 17:00:16,078 [66] RenkeiCommon.Renkei.Run - [INFO ] Renkei#Run() Start
2017-09-30 17:00:21,052 [66] RenkeiCommon.Utility.GetKayisakuData - [DEBUG] Utility#GetMstRenkeiBatchJikkouRireikiTbl() Start
2017-09-30 17:00:22,036 [66] RenkeiCommon.DbAccess.Reader - [DEBUG] SQLï∂ÅFSELECT * FROM VIEW_REPORT WHERE FORMAT_ID = @formatId AND REPORT_ID = @reportId
2017-09-30 17:00:22,046 [66] RenkeiCommon.DbAccess.<OutputParameters>b__17_1 - [DEBUG] SELECT * FROM VIEW_REPORT WHERE FORMAT_ID = @formatId AND REPORT_ID = @reportId
2017-09-30 17:00:22,047 [66] RenkeiCommon.DbAccess.<OutputParameters>b__17_1 - [DEBUG] SELECT * FROM VIEW_REPORT WHERE FORMAT_ID = @formatId AND REPORT_ID = @reportId
2017-09-30 17:00:23,372 [66] RenkeiCommon.Utility.GetKayisakuData - [DEBUG] Utility#GetMstRenkeiBatchJikkouRireikiTbl() End
2017-09-30 17:00:26,656 [66] RenkeiCommon.Renkei.Run - [DEBUG] Renkei#GetMasterMapping() End
2017-09-30 17:00:27,437 [66] RenkeiCommon.Renkei.CreateReportJsonData - [DEBUG] Renkei#CreateReportJsonData() Start
2017-09-30 17:00:27,507 [66] RenkeiCommon.Renkei.CreateReportJsonData - [DEBUG] Renkei#CreateReportJsonData() End
2017-09-30 17:00:28,237 [66] RenkeiCommon.Utility.ReqUpdReport - [INFO ] Utility#ReqUpdReportMaster() Start
2017-09-30 17:01:25,427 [66] RenkeiCommon.Utility.ReqUpdReport - [INFO ] {"report_id":"000000001","last_update_date":"2017-09-30T17:01:19+09:00"}
2017-09-30 17:01:25,428 [66] RenkeiCommon.Utility.ReqUpdReport - [INFO ] Utility#ReqUpdReportMaster() End
2017-09-30 17:01:25,428 [66] RenkeiCommon.Renkei.Run - [INFO ] Renkei#Run() End
2017-09-30 17:02:20,184 [71] RenkeiCommon.Renkei.Run - [INFO ] Renkei#Run() Start
2017-09-30 17:02:21,866 [71] RenkeiCommon.Utility.GetKayisakuData - [DEBUG] Utility#GetMstRenkeiBatchJikkouRireikiTbl() Start
2017-09-30 17:02:23,146 [71] RenkeiCommon.DbAccess.Reader - [DEBUG] SQLï∂ÅFSELECT * FROM VIEW_REPORT WHERE FORMAT_ID = @formatId AND REPORT_ID = @reportId
2017-09-30 17:02:23,147 [71] RenkeiCommon.DbAccess.<OutputParameters>b__17_1 - [DEBUG] SELECT * FROM VIEW_REPORT WHERE FORMAT_ID = @formatId AND REPORT_ID = @reportId
2017-09-30 17:02:23,147 [71] RenkeiCommon.DbAccess.<OutputParameters>b__17_1 - [DEBUG] SELECT * FROM VIEW_REPORT WHERE FORMAT_ID = @formatId AND REPORT_ID = @reportId
2017-09-30 17:02:24,230 [71] RenkeiCommon.Utility.GetKayisakuData - [DEBUG] Utility#GetMstRenkeiBatchJikkouRireikiTbl() End
2017-09-30 17:03:21,540 [71] RenkeiCommon.Renkei.Run - [DEBUG] Renkei#GetMasterMapping() End
2017-09-30 17:03:23,120 [71] RenkeiCommon.Renkei.CreateReportJsonData - [DEBUG] Renkei#CreateReportJsonData() Start
2017-09-30 17:03:23,121 [71] RenkeiCommon.Renkei.CreateReportJsonData - [DEBUG] Renkei#CreateReportJsonData() End
2017-09-30 17:03:24,555 [71] RenkeiCommon.Utility.ReqUpdReport - [INFO ] Utility#ReqUpdReportMaster() Start
2017-09-30 17:06:04,921 [71] RenkeiCommon.Utility.ReqUpdReport - [INFO ] {"report_id":"000000001","last_update_date":"2017-09-30T17:04:16+09:00"}
2017-09-30 17:06:04,922 [71] RenkeiCommon.Utility.ReqUpdReport - [INFO ] Utility#ReqUpdReportMaster() End
2017-09-30 17:06:04,922 [71] RenkeiCommon.Renkei.Run - [INFO ] Renkei#Run() End
2017-09-30 17:06:04,928 [66] RenkeiCommon.Renkei.Run - [INFO ] Renkei#Run() Start
2017-09-30 17:06:06,092 [66] RenkeiCommon.Utility.GetKayisakuData - [DEBUG] Utility#GetMstRenkeiBatchJikkouRireikiTbl() Start
2017-09-30 17:06:07,016 [66] RenkeiCommon.DbAccess.Reader - [DEBUG] SQLï∂ÅFSELECT * FROM VIEW_REPORT WHERE FORMAT_ID = @formatId AND REPORT_ID = @reportId
2017-09-30 17:06:07,017 [66] RenkeiCommon.DbAccess.<OutputParameters>b__17_1 - [DEBUG] SELECT * FROM VIEW_REPORT WHERE FORMAT_ID = @formatId AND REPORT_ID = @reportId
2017-09-30 17:06:07,017 [66] RenkeiCommon.DbAccess.<OutputParameters>b__17_1 - [DEBUG] SELECT * FROM VIEW_REPORT WHERE FORMAT_ID = @formatId AND REPORT_ID = @reportId
2017-09-30 17:06:07,855 [66] RenkeiCommon.Utility.GetKayisakuData - [DEBUG] Utility#GetMstRenkeiBatchJikkouRireikiTbl() End
2017-09-30 17:06:10,843 [66] RenkeiCommon.Renkei.Run - [DEBUG] Renkei#GetMasterMapping() End
2017-09-30 17:06:11,574 [66] RenkeiCommon.Renkei.CreateReportJsonData - [DEBUG] Renkei#CreateReportJsonData() Start
2017-09-30 17:06:11,575 [66] RenkeiCommon.Renkei.CreateReportJsonData - [DEBUG] Renkei#CreateReportJsonData() End
2017-09-30 17:06:12,184 [66] RenkeiCommon.Utility.ReqUpdReport - [INFO ] Utility#ReqUpdReportMaster() Start
2017-09-30 17:06:15,187 [66] RenkeiCommon.Utility.ReqUpdReport - [INFO ] {"report_id":"000000001","last_update_date":"2017-09-30T17:07:03+09:00"}
2017-09-30 17:06:15,187 [66] RenkeiCommon.Utility.ReqUpdReport - [INFO ] Utility#ReqUpdReportMaster() End
2017-09-30 17:06:15,188 [66] RenkeiCommon.Renkei.Run - [INFO ] Renkei#Run() End
